<?xml version="1.0" encoding="UTF-8"?>
<!-- Generated by org.testng.reporters.JUnitReportReporter -->
<testsuite skipped="0" hostname="Dev" name="zoosite.runner.FunctionTest" tests="1" failures="0" timestamp="19 Feb 2018 05:21:07 GMT" time="24.916" errors="0">
  <testcase name="feature" time="24.916" classname="zoosite.runner.FunctionTest"/>
</testsuite> <!-- zoosite.runner.FunctionTest -->
