<?xml version="1.0" encoding="UTF-8"?>
<!-- Generated by org.testng.reporters.JUnitReportReporter -->
<testsuite skipped="0" hostname="Dev" name="zoosite.runner.SmokeTest" tests="1" failures="0" timestamp="19 Feb 2018 03:28:46 GMT" time="15.380" errors="0">
  <testcase name="feature" time="15.380" classname="zoosite.runner.SmokeTest"/>
</testsuite> <!-- zoosite.runner.SmokeTest -->
