<?xml version="1.0" encoding="UTF-8"?>
<!-- Generated by org.testng.reporters.JUnitReportReporter -->
<testsuite skipped="0" hostname="Dev" name="zoosite.runner.FunctionTest" tests="1" failures="0" timestamp="19 Feb 2018 03:28:46 GMT" time="23.507" errors="0">
  <testcase name="feature" time="23.507" classname="zoosite.runner.FunctionTest"/>
</testsuite> <!-- zoosite.runner.FunctionTest -->
